\BOOKMARK [0][-]{chapter.1}{\376\377\000I\000n\000t\000r\000o\000d\000u\000c\000t\000i\000o\000n}{}% 1
\BOOKMARK [1][-]{section.1.1}{\376\377\000L\000'\000h\000i\000s\000t\000o\000i\000r\000e\000\040\000d\000u\000\040\000C\000+\000+}{chapter.1}% 2
\BOOKMARK [1][-]{section.1.2}{\376\377\000D\000i\000f\000f\000\351\000r\000e\000n\000c\000e\000s\000\040\000e\000n\000t\000r\000e\000\040\000C\000\040\000e\000t\000\040\000C\000+\000+}{chapter.1}% 3
\BOOKMARK [1][-]{section.1.3}{\376\377\000I\000n\000s\000t\000a\000l\000l\000a\000t\000i\000o\000n\000\040\000d\000e\000\040\000l\000'\000e\000n\000v\000i\000r\000o\000n\000n\000e\000m\000e\000n\000t\000\040\000d\000e\000\040\000d\000\351\000v\000e\000l\000o\000p\000p\000e\000m\000e\000n\000t}{chapter.1}% 4
\BOOKMARK [2][-]{subsection.1.3.1}{\376\377\000W\000i\000n\000d\000o\000w\000s}{section.1.3}% 5
\BOOKMARK [2][-]{subsection.1.3.2}{\376\377\000L\000i\000n\000u\000x}{section.1.3}% 6
\BOOKMARK [2][-]{subsection.1.3.3}{\376\377\000M\000a\000c\000O\000S}{section.1.3}% 7
\BOOKMARK [0][-]{chapter.2}{\376\377\000S\000t\000r\000u\000c\000t\000u\000r\000e\000\040\000d\000'\000u\000n\000\040\000p\000r\000o\000g\000r\000a\000m\000m\000e}{}% 8
\BOOKMARK [1][-]{section.2.1}{\376\377\000L\000e\000s\000\040\000D\000i\000r\000e\000c\000t\000i\000v\000e\000s\000\040\000d\000e\000\040\000P\000r\000\351\000p\000r\000o\000c\000e\000s\000s\000e\000u\000r}{chapter.2}% 9
\BOOKMARK [2][-]{subsection.2.1.1}{\376\377\000L\000e\000s\000\040\000i\000m\000p\000l\000\351\000m\000e\000n\000t\000a\000t\000i\000o\000n\000s\000\040\000d\000e\000\040\000b\000i\000b\000l\000i\000o\000t\000h\000\350\000q\000u\000e\000s}{section.2.1}% 10
\BOOKMARK [2][-]{subsection.2.1.2}{\376\377\000L\000e\000s\000\040\000E\000s\000p\000a\000c\000e\000s\000\040\000d\000e\000\040\000N\000o\000m\000s}{section.2.1}% 11
\BOOKMARK [2][-]{subsection.2.1.3}{\376\377\000L\000e\000s\000\040\000m\000a\000c\000r\000o\000s}{section.2.1}% 12
\BOOKMARK [1][-]{section.2.2}{\376\377\000L\000a\000\040\000f\000o\000n\000c\000t\000i\000o\000n\000\040\000m\000a\000i\000n\000\050\000\051}{chapter.2}% 13
\BOOKMARK [1][-]{section.2.3}{\376\377\000F\000o\000n\000c\000t\000i\000o\000n\000s\000\040\000e\000t\000\040\000c\000o\000m\000m\000e\000n\000t\000a\000i\000r\000e\000s}{chapter.2}% 14
\BOOKMARK [0][-]{chapter.3}{\376\377\000T\000y\000p\000e\000s\000\040\000d\000e\000\040\000d\000o\000n\000n\000\351\000e\000s\000\040\000e\000t\000\040\000v\000a\000r\000i\000a\000b\000l\000e\000s}{}% 15
\BOOKMARK [1][-]{section.3.1}{\376\377\000L\000e\000s\000\040\000T\000y\000p\000e\000s\000\040\000P\000r\000i\000m\000i\000t\000i\000f\000s}{chapter.3}% 16
\BOOKMARK [1][-]{section.3.2}{\376\377\000L\000e\000s\000\040\000V\000a\000r\000i\000a\000b\000l\000e\000s}{chapter.3}% 17
\BOOKMARK [1][-]{section.3.3}{\376\377\000P\000r\000\351\000f\000i\000x\000e\000s\000\040\000p\000a\000r\000t\000i\000c\000u\000l\000i\000e\000r\000s}{chapter.3}% 18
\BOOKMARK [1][-]{section.3.4}{\376\377\000O\000p\000\351\000r\000a\000t\000e\000u\000r\000s\000\040\000s\000i\000m\000p\000l\000e\000s}{chapter.3}% 19
\BOOKMARK [1][-]{section.3.5}{\376\377\000C\000o\000n\000v\000e\000r\000s\000i\000o\000n\000\040\000e\000n\000t\000r\000e\000\040\000t\000y\000p\000e\000s}{chapter.3}% 20
\BOOKMARK [0][-]{chapter.4}{\376\377\000I\000n\000s\000t\000r\000u\000c\000t\000i\000o\000n\000s\000\040\000d\000e\000\040\000c\000o\000n\000t\000r\000\364\000l\000e}{}% 21
\BOOKMARK [1][-]{section.4.1}{\376\377\000L\000e\000s\000\040\000e\000x\000p\000r\000e\000s\000s\000i\000o\000n\000s\000\040\000b\000o\000o\000l\000\351\000e\000n\000n\000e\000s\000\040\000e\000t\000\040\000l\000e\000s\000\040\000c\000o\000m\000p\000a\000r\000a\000t\000e\000u\000r\000s}{chapter.4}% 22
\BOOKMARK [1][-]{section.4.2}{\376\377\000L\000e\000s\000\040\000s\000t\000r\000u\000c\000t\000u\000r\000e\000s\000\040\000c\000o\000n\000d\000i\000t\000i\000o\000n\000n\000e\000l\000l\000e\000s}{chapter.4}% 23
\BOOKMARK [1][-]{section.4.3}{\376\377\000L\000e\000s\000\040\000b\000o\000u\000c\000l\000e\000s}{chapter.4}% 24
\BOOKMARK [0][-]{chapter.5}{\376\377\000F\000o\000n\000c\000t\000i\000o\000n\000s}{}% 25
\BOOKMARK [1][-]{section.5.1}{\376\377\000D\000\351\000c\000l\000a\000r\000a\000t\000i\000o\000n}{chapter.5}% 26
\BOOKMARK [1][-]{section.5.2}{\376\377\000P\000a\000r\000a\000m\000\350\000t\000r\000e\000s}{chapter.5}% 27
\BOOKMARK [1][-]{section.5.3}{\376\377\000N\000o\000t\000i\000o\000n\000\040\000d\000e\000\040\000"\000s\000u\000r\000c\000h\000a\000r\000g\000e\000"}{chapter.5}% 28
\BOOKMARK [0][-]{chapter.6}{\376\377\000P\000o\000i\000n\000t\000e\000u\000r\000s}{}% 29
\BOOKMARK [1][-]{section.6.1}{\376\377\000Q\000u\000'\000e\000s\000t\000\040\000c\000e\000\040\000q\000u\000'\000u\000n\000\040\000p\000o\000i\000n\000t\000e\000u\000r}{chapter.6}% 30
\BOOKMARK [1][-]{section.6.2}{\376\377\000U\000t\000i\000l\000i\000s\000a\000t\000i\000o\000n}{chapter.6}% 31
\BOOKMARK [1][-]{section.6.3}{\376\377\000T\000a\000b\000l\000e\000a\000u\000x\000\040\000d\000y\000n\000a\000m\000i\000q\000u\000e\000s}{chapter.6}% 32
\BOOKMARK [0][-]{chapter.7}{\376\377\000S\000t\000r\000u\000c\000t\000u\000r\000e\000s}{}% 33
